<?xml version="1.0" encoding="UTF-8"?>
<testsuite xmlns:xsi="http://www.w3.org/2001/XMLSchema-instance" xsi:noNamespaceSchemaLocation="https://maven.apache.org/surefire/maven-surefire-plugin/xsd/surefire-test-report.xsd" name="br.com.restassuredapitesting.runners.AllTests" time="44.257" tests="19" errors="0" skipped="0" failures="2">
  <properties>
    <property name="sun.desktop" value="windows"/>
    <property name="awt.toolkit" value="sun.awt.windows.WToolkit"/>
    <property name="file.encoding.pkg" value="sun.io"/>
    <property name="java.specification.version" value="1.8"/>
    <property name="sun.cpu.isalist" value="amd64"/>
    <property name="sun.jnu.encoding" value="Cp1252"/>
    <property name="java.class.path" value="C:\Users\Rguedes\IdeaProjects\restassuredapitesting\target\test-classes;C:\Users\Rguedes\IdeaProjects\restassuredapitesting\target\classes;C:\Users\Rguedes\.m2\repository\org\projectlombok\lombok\1.18.6\lombok-1.18.6.jar;C:\Users\Rguedes\.m2\repository\com\googlecode\json-simple\json-simple\1.1.1\json-simple-1.1.1.jar;C:\Users\Rguedes\.m2\repository\junit\junit\4.12\junit-4.12.jar;C:\Users\Rguedes\.m2\repository\org\hamcrest\hamcrest-core\1.3\hamcrest-core-1.3.jar;C:\Users\Rguedes\.m2\repository\io\rest-assured\rest-assured\3.1.0\rest-assured-3.1.0.jar;C:\Users\Rguedes\.m2\repository\org\codehaus\groovy\groovy\2.4.12\groovy-2.4.12.jar;C:\Users\Rguedes\.m2\repository\org\codehaus\groovy\groovy-xml\2.4.12\groovy-xml-2.4.12.jar;C:\Users\Rguedes\.m2\repository\org\apache\httpcomponents\httpclient\4.5.3\httpclient-4.5.3.jar;C:\Users\Rguedes\.m2\repository\org\apache\httpcomponents\httpcore\4.4.6\httpcore-4.4.6.jar;C:\Users\Rguedes\.m2\repository\commons-logging\commons-logging\1.2\commons-logging-1.2.jar;C:\Users\Rguedes\.m2\repository\commons-codec\commons-codec\1.9\commons-codec-1.9.jar;C:\Users\Rguedes\.m2\repository\org\apache\httpcomponents\httpmime\4.5.1\httpmime-4.5.1.jar;C:\Users\Rguedes\.m2\repository\org\hamcrest\hamcrest-library\1.3\hamcrest-library-1.3.jar;C:\Users\Rguedes\.m2\repository\org\ccil\cowan\tagsoup\tagsoup\1.2.1\tagsoup-1.2.1.jar;C:\Users\Rguedes\.m2\repository\io\rest-assured\xml-path\3.1.0\xml-path-3.1.0.jar;C:\Users\Rguedes\.m2\repository\javax\xml\bind\jaxb-api\2.2.12\jaxb-api-2.2.12.jar;C:\Users\Rguedes\.m2\repository\io\rest-assured\json-schema-validator\3.1.0\json-schema-validator-3.1.0.jar;C:\Users\Rguedes\.m2\repository\com\github\fge\json-schema-validator\2.2.6\json-schema-validator-2.2.6.jar;C:\Users\Rguedes\.m2\repository\com\google\code\findbugs\jsr305\3.0.0\jsr305-3.0.0.jar;C:\Users\Rguedes\.m2\repository\joda-time\joda-time\2.3\joda-time-2.3.jar;C:\Users\Rguedes\.m2\repository\com\googlecode\libphonenumber\libphonenumber\6.2\libphonenumber-6.2.jar;C:\Users\Rguedes\.m2\repository\com\github\fge\json-schema-core\1.2.5\json-schema-core-1.2.5.jar;C:\Users\Rguedes\.m2\repository\com\github\fge\uri-template\0.9\uri-template-0.9.jar;C:\Users\Rguedes\.m2\repository\com\github\fge\msg-simple\1.1\msg-simple-1.1.jar;C:\Users\Rguedes\.m2\repository\com\github\fge\btf\1.2\btf-1.2.jar;C:\Users\Rguedes\.m2\repository\com\google\guava\guava\16.0.1\guava-16.0.1.jar;C:\Users\Rguedes\.m2\repository\com\github\fge\jackson-coreutils\1.8\jackson-coreutils-1.8.jar;C:\Users\Rguedes\.m2\repository\org\mozilla\rhino\1.7R4\rhino-1.7R4.jar;C:\Users\Rguedes\.m2\repository\javax\mail\mailapi\1.4.3\mailapi-1.4.3.jar;C:\Users\Rguedes\.m2\repository\javax\activation\activation\1.1\activation-1.1.jar;C:\Users\Rguedes\.m2\repository\net\sf\jopt-simple\jopt-simple\4.6\jopt-simple-4.6.jar;C:\Users\Rguedes\.m2\repository\com\github\javafaker\javafaker\1.0.1\javafaker-1.0.1.jar;C:\Users\Rguedes\.m2\repository\org\apache\commons\commons-lang3\3.5\commons-lang3-3.5.jar;C:\Users\Rguedes\.m2\repository\org\yaml\snakeyaml\1.23\snakeyaml-1.23-android.jar;C:\Users\Rguedes\.m2\repository\com\github\mifmif\generex\1.0.2\generex-1.0.2.jar;C:\Users\Rguedes\.m2\repository\dk\brics\automaton\automaton\1.11-8\automaton-1.11-8.jar;C:\Users\Rguedes\.m2\repository\io\rest-assured\json-path\3.1.0\json-path-3.1.0.jar;C:\Users\Rguedes\.m2\repository\org\codehaus\groovy\groovy-json\2.4.12\groovy-json-2.4.12.jar;C:\Users\Rguedes\.m2\repository\io\rest-assured\rest-assured-common\3.1.0\rest-assured-common-3.1.0.jar;C:\Users\Rguedes\.m2\repository\io\qameta\allure\allure-junit4\2.9.0\allure-junit4-2.9.0.jar;C:\Users\Rguedes\.m2\repository\io\qameta\allure\allure-java-commons\2.9.0\allure-java-commons-2.9.0.jar;C:\Users\Rguedes\.m2\repository\io\qameta\allure\allure-model\2.9.0\allure-model-2.9.0.jar;C:\Users\Rguedes\.m2\repository\com\fasterxml\jackson\core\jackson-databind\2.9.7\jackson-databind-2.9.7.jar;C:\Users\Rguedes\.m2\repository\com\fasterxml\jackson\core\jackson-annotations\2.9.0\jackson-annotations-2.9.0.jar;C:\Users\Rguedes\.m2\repository\com\fasterxml\jackson\core\jackson-core\2.9.7\jackson-core-2.9.7.jar;C:\Users\Rguedes\.m2\repository\org\apache\tika\tika-core\1.19.1\tika-core-1.19.1.jar;C:\Users\Rguedes\.m2\repository\org\aspectj\aspectjrt\1.9.1\aspectjrt-1.9.1.jar;C:\Users\Rguedes\.m2\repository\org\jooq\joor-java-8\0.9.9\joor-java-8-0.9.9.jar;C:\Users\Rguedes\.m2\repository\org\slf4j\slf4j-api\1.7.26\slf4j-api-1.7.26.jar;C:\Users\Rguedes\.m2\repository\org\slf4j\slf4j-jdk14\1.7.26\slf4j-jdk14-1.7.26.jar;C:\Users\Rguedes\.m2\repository\org\json\json\20190722\json-20190722.jar;"/>
    <property name="java.vm.vendor" value="Oracle Corporation"/>
    <property name="sun.arch.data.model" value="64"/>
    <property name="user.variant" value=""/>
    <property name="java.vendor.url" value="http://java.oracle.com/"/>
    <property name="user.timezone" value=""/>
    <property name="java.vm.specification.version" value="1.8"/>
    <property name="os.name" value="Windows 10"/>
    <property name="user.country" value="BR"/>
    <property name="sun.java.launcher" value="SUN_STANDARD"/>
    <property name="sun.boot.library.path" value="C:\Program Files\Java\jdk1.8.0_291\jre\bin"/>
    <property name="sun.java.command" value="C:\Users\Rguedes\AppData\Local\Temp\surefire5706541304213800061\surefirebooter6057287023087918010.jar C:\Users\Rguedes\AppData\Local\Temp\surefire5706541304213800061 2021-10-26T21-39-00_731-jvmRun1 surefire6048672378071298760tmp surefire_02523932340426285119tmp"/>
    <property name="surefire.test.class.path" value="C:\Users\Rguedes\IdeaProjects\restassuredapitesting\target\test-classes;C:\Users\Rguedes\IdeaProjects\restassuredapitesting\target\classes;C:\Users\Rguedes\.m2\repository\org\projectlombok\lombok\1.18.6\lombok-1.18.6.jar;C:\Users\Rguedes\.m2\repository\com\googlecode\json-simple\json-simple\1.1.1\json-simple-1.1.1.jar;C:\Users\Rguedes\.m2\repository\junit\junit\4.12\junit-4.12.jar;C:\Users\Rguedes\.m2\repository\org\hamcrest\hamcrest-core\1.3\hamcrest-core-1.3.jar;C:\Users\Rguedes\.m2\repository\io\rest-assured\rest-assured\3.1.0\rest-assured-3.1.0.jar;C:\Users\Rguedes\.m2\repository\org\codehaus\groovy\groovy\2.4.12\groovy-2.4.12.jar;C:\Users\Rguedes\.m2\repository\org\codehaus\groovy\groovy-xml\2.4.12\groovy-xml-2.4.12.jar;C:\Users\Rguedes\.m2\repository\org\apache\httpcomponents\httpclient\4.5.3\httpclient-4.5.3.jar;C:\Users\Rguedes\.m2\repository\org\apache\httpcomponents\httpcore\4.4.6\httpcore-4.4.6.jar;C:\Users\Rguedes\.m2\repository\commons-logging\commons-logging\1.2\commons-logging-1.2.jar;C:\Users\Rguedes\.m2\repository\commons-codec\commons-codec\1.9\commons-codec-1.9.jar;C:\Users\Rguedes\.m2\repository\org\apache\httpcomponents\httpmime\4.5.1\httpmime-4.5.1.jar;C:\Users\Rguedes\.m2\repository\org\hamcrest\hamcrest-library\1.3\hamcrest-library-1.3.jar;C:\Users\Rguedes\.m2\repository\org\ccil\cowan\tagsoup\tagsoup\1.2.1\tagsoup-1.2.1.jar;C:\Users\Rguedes\.m2\repository\io\rest-assured\xml-path\3.1.0\xml-path-3.1.0.jar;C:\Users\Rguedes\.m2\repository\javax\xml\bind\jaxb-api\2.2.12\jaxb-api-2.2.12.jar;C:\Users\Rguedes\.m2\repository\io\rest-assured\json-schema-validator\3.1.0\json-schema-validator-3.1.0.jar;C:\Users\Rguedes\.m2\repository\com\github\fge\json-schema-validator\2.2.6\json-schema-validator-2.2.6.jar;C:\Users\Rguedes\.m2\repository\com\google\code\findbugs\jsr305\3.0.0\jsr305-3.0.0.jar;C:\Users\Rguedes\.m2\repository\joda-time\joda-time\2.3\joda-time-2.3.jar;C:\Users\Rguedes\.m2\repository\com\googlecode\libphonenumber\libphonenumber\6.2\libphonenumber-6.2.jar;C:\Users\Rguedes\.m2\repository\com\github\fge\json-schema-core\1.2.5\json-schema-core-1.2.5.jar;C:\Users\Rguedes\.m2\repository\com\github\fge\uri-template\0.9\uri-template-0.9.jar;C:\Users\Rguedes\.m2\repository\com\github\fge\msg-simple\1.1\msg-simple-1.1.jar;C:\Users\Rguedes\.m2\repository\com\github\fge\btf\1.2\btf-1.2.jar;C:\Users\Rguedes\.m2\repository\com\google\guava\guava\16.0.1\guava-16.0.1.jar;C:\Users\Rguedes\.m2\repository\com\github\fge\jackson-coreutils\1.8\jackson-coreutils-1.8.jar;C:\Users\Rguedes\.m2\repository\org\mozilla\rhino\1.7R4\rhino-1.7R4.jar;C:\Users\Rguedes\.m2\repository\javax\mail\mailapi\1.4.3\mailapi-1.4.3.jar;C:\Users\Rguedes\.m2\repository\javax\activation\activation\1.1\activation-1.1.jar;C:\Users\Rguedes\.m2\repository\net\sf\jopt-simple\jopt-simple\4.6\jopt-simple-4.6.jar;C:\Users\Rguedes\.m2\repository\com\github\javafaker\javafaker\1.0.1\javafaker-1.0.1.jar;C:\Users\Rguedes\.m2\repository\org\apache\commons\commons-lang3\3.5\commons-lang3-3.5.jar;C:\Users\Rguedes\.m2\repository\org\yaml\snakeyaml\1.23\snakeyaml-1.23-android.jar;C:\Users\Rguedes\.m2\repository\com\github\mifmif\generex\1.0.2\generex-1.0.2.jar;C:\Users\Rguedes\.m2\repository\dk\brics\automaton\automaton\1.11-8\automaton-1.11-8.jar;C:\Users\Rguedes\.m2\repository\io\rest-assured\json-path\3.1.0\json-path-3.1.0.jar;C:\Users\Rguedes\.m2\repository\org\codehaus\groovy\groovy-json\2.4.12\groovy-json-2.4.12.jar;C:\Users\Rguedes\.m2\repository\io\rest-assured\rest-assured-common\3.1.0\rest-assured-common-3.1.0.jar;C:\Users\Rguedes\.m2\repository\io\qameta\allure\allure-junit4\2.9.0\allure-junit4-2.9.0.jar;C:\Users\Rguedes\.m2\repository\io\qameta\allure\allure-java-commons\2.9.0\allure-java-commons-2.9.0.jar;C:\Users\Rguedes\.m2\repository\io\qameta\allure\allure-model\2.9.0\allure-model-2.9.0.jar;C:\Users\Rguedes\.m2\repository\com\fasterxml\jackson\core\jackson-databind\2.9.7\jackson-databind-2.9.7.jar;C:\Users\Rguedes\.m2\repository\com\fasterxml\jackson\core\jackson-annotations\2.9.0\jackson-annotations-2.9.0.jar;C:\Users\Rguedes\.m2\repository\com\fasterxml\jackson\core\jackson-core\2.9.7\jackson-core-2.9.7.jar;C:\Users\Rguedes\.m2\repository\org\apache\tika\tika-core\1.19.1\tika-core-1.19.1.jar;C:\Users\Rguedes\.m2\repository\org\aspectj\aspectjrt\1.9.1\aspectjrt-1.9.1.jar;C:\Users\Rguedes\.m2\repository\org\jooq\joor-java-8\0.9.9\joor-java-8-0.9.9.jar;C:\Users\Rguedes\.m2\repository\org\slf4j\slf4j-api\1.7.26\slf4j-api-1.7.26.jar;C:\Users\Rguedes\.m2\repository\org\slf4j\slf4j-jdk14\1.7.26\slf4j-jdk14-1.7.26.jar;C:\Users\Rguedes\.m2\repository\org\json\json\20190722\json-20190722.jar;"/>
    <property name="test" value="AllTests"/>
    <property name="allure.results.directory" value="C:\Users\Rguedes\IdeaProjects\restassuredapitesting\target/allure-results"/>
    <property name="sun.cpu.endian" value="little"/>
    <property name="user.home" value="C:\Users\Rguedes"/>
    <property name="user.language" value="pt"/>
    <property name="java.specification.vendor" value="Oracle Corporation"/>
    <property name="java.home" value="C:\Program Files\Java\jdk1.8.0_291\jre"/>
    <property name="basedir" value="C:\Users\Rguedes\IdeaProjects\restassuredapitesting"/>
    <property name="file.separator" value="\"/>
    <property name="line.separator" value="&#10;"/>
    <property name="java.vm.specification.vendor" value="Oracle Corporation"/>
    <property name="java.specification.name" value="Java Platform API Specification"/>
    <property name="java.awt.graphicsenv" value="sun.awt.Win32GraphicsEnvironment"/>
    <property name="surefire.real.class.path" value="C:\Users\Rguedes\AppData\Local\Temp\surefire5706541304213800061\surefirebooter6057287023087918010.jar;C:\Users\Rguedes\.m2\repository/org/aspectj/aspectjweaver/1.9.1/aspectjweaver-1.9.1.jar"/>
    <property name="sun.boot.class.path" value="C:\Program Files\Java\jdk1.8.0_291\jre\lib\resources.jar;C:\Program Files\Java\jdk1.8.0_291\jre\lib\rt.jar;C:\Program Files\Java\jdk1.8.0_291\jre\lib\sunrsasign.jar;C:\Program Files\Java\jdk1.8.0_291\jre\lib\jsse.jar;C:\Program Files\Java\jdk1.8.0_291\jre\lib\jce.jar;C:\Program Files\Java\jdk1.8.0_291\jre\lib\charsets.jar;C:\Program Files\Java\jdk1.8.0_291\jre\lib\jfr.jar;C:\Program Files\Java\jdk1.8.0_291\jre\classes"/>
    <property name="user.script" value=""/>
    <property name="sun.management.compiler" value="HotSpot 64-Bit Tiered Compilers"/>
    <property name="java.runtime.version" value="1.8.0_291-b10"/>
    <property name="user.name" value="Rguedes"/>
    <property name="path.separator" value=";"/>
    <property name="os.version" value="10.0"/>
    <property name="java.endorsed.dirs" value="C:\Program Files\Java\jdk1.8.0_291\jre\lib\endorsed"/>
    <property name="java.runtime.name" value="Java(TM) SE Runtime Environment"/>
    <property name="file.encoding" value="Cp1252"/>
    <property name="java.vm.name" value="Java HotSpot(TM) 64-Bit Server VM"/>
    <property name="localRepository" value="C:\Users\Rguedes\.m2\repository"/>
    <property name="java.vendor.url.bug" value="http://bugreport.sun.com/bugreport/"/>
    <property name="java.io.tmpdir" value="C:\Users\Rguedes\AppData\Local\Temp\"/>
    <property name="idea.version" value="2021.2.1"/>
    <property name="java.version" value="1.8.0_291"/>
    <property name="user.dir" value="C:\Users\Rguedes\IdeaProjects\restassuredapitesting"/>
    <property name="os.arch" value="amd64"/>
    <property name="java.vm.specification.name" value="Java Virtual Machine Specification"/>
    <property name="java.awt.printerjob" value="sun.awt.windows.WPrinterJob"/>
    <property name="sun.os.patch.level" value=""/>
    <property name="java.library.path" value="C:\Program Files\Java\jdk1.8.0_291\jre\bin;C:\WINDOWS\Sun\Java\bin;C:\WINDOWS\system32;C:\WINDOWS;C:\Program Files\Common Files\Oracle\Java\javapath;C:\Program Files (x86)\Common Files\Oracle\Java\javapath;C:\Windows\system32;C:\Windows;C:\Windows\System32\Wbem;C:\Windows\System32\WindowsPowerShell\v1.0\;C:\Windows\System32\OpenSSH\;C:\Program Files (x86)\NVIDIA Corporation\PhysX\Common;C:\Program Files\NVIDIA Corporation\NVIDIA NvDLISR;C:\WINDOWS\system32;C:\WINDOWS;C:\WINDOWS\System32\Wbem;C:\WINDOWS\System32\WindowsPowerShell\v1.0\;C:\WINDOWS\System32\OpenSSH\;C:\ProgramData\UNIVALI\Portugol Studio;C:\Program Files\Java\jdk-11.0.12\bin;C:\Program Files\Git\cmd;C:\Program Files\nodejs\;C:\Users\Rguedes\Downloads\apache-maven-3.8.3-bin\apache-maven-3.8.3\bin;C:\ProgramData\chocolatey\bin;C:\Program Files\PowerShell\7\;C:\Users\Rguedes\Desktop\tuturial crhmor ftv;C:\Users\Rguedes\scoop\shims;C:\Users\Rguedes\AppData\Local\Microsoft\WindowsApps;C:\Users\Rguedes\AppData\Local\Programs\Microsoft VS Code\bin;C:\Program Files\JetBrains\IntelliJ IDEA Community Edition 2021.2.1\bin;;C:\Users\Rguedes\AppData\Local\GitHubDesktop\bin;C:\Users\Rguedes\AppData\Roaming\npm;C:\Users\Rguedes\Downloads\apache-maven-3.8.3-bin\apache-maven-3.8.31bin;;."/>
    <property name="java.vm.info" value="mixed mode"/>
    <property name="java.vendor" value="Oracle Corporation"/>
    <property name="java.vm.version" value="25.291-b10"/>
    <property name="java.ext.dirs" value="C:\Program Files\Java\jdk1.8.0_291\jre\lib\ext;C:\WINDOWS\Sun\Java\lib\ext"/>
    <property name="sun.io.unicode.encoding" value="UnicodeLittle"/>
    <property name="java.class.version" value="52.0"/>
  </properties>
  <testcase name="validaApiOnline" classname="br.com.restassuredapitesting.tests.ping.tests.GetPingTest" time="2.582"/>
  <testcase name="validaidPelaDataDeChekinDaReserva" classname="br.com.restassuredapitesting.tests.booking.tests.GetBookingTest" time="3.515"/>
  <testcase name="validarstatuscode500PorfiltroMalFormatado" classname="br.com.restassuredapitesting.tests.booking.tests.GetBookingTest" time="0.883"/>
  <testcase name="validaListagemDeIdsDasReservas" classname="br.com.restassuredapitesting.tests.booking.tests.GetBookingTest" time="0.884"/>
  <testcase name="validaSchemaDaListagemDeReservaEspecifica" classname="br.com.restassuredapitesting.tests.booking.tests.GetBookingTest" time="3.244"/>
  <testcase name="validarUmaReservaEspeciifica" classname="br.com.restassuredapitesting.tests.booking.tests.GetBookingTest" time="2.796"/>
  <testcase name="validaidPelaDataDeCheckot_CheckoutDaReserva" classname="br.com.restassuredapitesting.tests.booking.tests.GetBookingTest" time="2.797"/>
  <testcase name="validaIdPeloUltimoNomeDaReserva" classname="br.com.restassuredapitesting.tests.booking.tests.GetBookingTest" time="3.033"/>
  <testcase name="validaIdPeloPrimeiroNomeDaReserva" classname="br.com.restassuredapitesting.tests.booking.tests.GetBookingTest" time="2.769"/>
  <testcase name="validaidPelaDataDeChekoutDaReserva" classname="br.com.restassuredapitesting.tests.booking.tests.GetBookingTest" time="2.895"/>
  <testcase name="validaSchemaDaListagemDeReservas" classname="br.com.restassuredapitesting.tests.booking.tests.GetBookingTest" time="0.922"/>
  <testcase name="validaidPeloPrimeiroNome_DataDeCheckin_CheckoutDaReserva" classname="br.com.restassuredapitesting.tests.booking.tests.GetBookingTest" time="4.487">
    <failure message="1 expectation failed.&#10;JSON path size() doesn&apos;t match.&#10;Expected: a value greater than &lt;0&gt;&#10;  Actual: 0&#10;" type="java.lang.AssertionError"><![CDATA[java.lang.AssertionError: 
1 expectation failed.
JSON path size() doesn't match.
Expected: a value greater than <0>
  Actual: 0

	at br.com.restassuredapitesting.tests.booking.tests.GetBookingTest.validaidPeloPrimeiroNome_DataDeCheckin_CheckoutDaReserva(GetBookingTest.java:188)
]]></failure>
    <system-out><![CDATA[Request method:	POST
Request URI:	https://treinamento-api.herokuapp.com/booking
Proxy:			<none>
Request params:	<none>
Query params:	<none>
Form params:	<none>
Path params:	<none>
Headers:		Accept=application/json
				Content-Type=application/json; charset=UTF-8
Cookies:		<none>
Multiparts:		<none>
Body:
{
    "firstname": "Tyson",
    "additionalneeds": "Breakfast",
    "bookingdates": {
        "checkin": "2020-05-21",
        "checkout": "2021-05-21"
    },
    "totalprice": 111,
    "depositpaid": true,
    "lastname": "Brock Lee"
}
Request method:	GET
Request URI:	https://treinamento-api.herokuapp.com/booking?firstname=Tyson&checkin=2020-05-21&checkout=2021-05-21
Proxy:			<none>
Request params:	<none>
Query params:	firstname=Tyson
				checkin=2020-05-21
				checkout=2021-05-21
Form params:	<none>
Path params:	<none>
Headers:		Accept=*/*
				Content-Type=application/json; charset=UTF-8
Cookies:		<none>
Multiparts:		<none>
Body:			<none>
HTTP/1.1 200 OK
Server: Cowboy
Connection: keep-alive
X-Powered-By: Express
Content-Type: application/json; charset=utf-8
Content-Length: 2
Etag: W/"2-l9Fw4VUO7kr8CvBlt4zaMCqXZ0w"
Date: Wed, 27 Oct 2021 00:39:34 GMT
Via: 1.1 vegur

[
    
]
]]></system-out>
  </testcase>
  <testcase name="validaReturnoDeTokenParaUsuario" classname="br.com.restassuredapitesting.tests.auth.tests.PostAuthTest" time="0.892"/>
  <testcase name="validarAlteracaoDeUmaReservaUtilizandoToken" classname="br.com.restassuredapitesting.tests.booking.tests.PutBookingTest" time="2.943"/>
  <testcase name="validarAlteracaoDeUmaReservaUtilizandoBasicAuthorization" classname="br.com.restassuredapitesting.tests.booking.tests.PutBookingTest" time="1.764"/>
  <testcase name="tentarExcluirUmaReservaQueNaoExisteComToken" classname="br.com.restassuredapitesting.tests.booking.tests.DeleteBookingTest" time="1.788">
    <failure message="1 expectation failed.&#10;Expected status code &lt;404&gt; but was &lt;405&gt;.&#10;" type="java.lang.AssertionError"><![CDATA[java.lang.AssertionError: 
1 expectation failed.
Expected status code <404> but was <405>.

	at br.com.restassuredapitesting.tests.booking.tests.DeleteBookingTest.tentarExcluirUmaReservaQueNaoExisteComToken(DeleteBookingTest.java:48)
]]></failure>
    <system-out><![CDATA[Request method:	DELETE
Request URI:	https://treinamento-api.herokuapp.com/booking/1000
Proxy:			<none>
Request params:	<none>
Query params:	<none>
Form params:	<none>
Path params:	<none>
Headers:		Accept=application/json
				Cookie=token=744c8fa9563148d
				Content-Type=application/json; charset=UTF-8
Cookies:		<none>
Multiparts:		<none>
Body:			<none>
]]></system-out>
  </testcase>
  <testcase name="excluirUmaReservaComToken" classname="br.com.restassuredapitesting.tests.booking.tests.DeleteBookingTest" time="2.661"/>
  <testcase name="tentarExcluirUmaReservaSemToken" classname="br.com.restassuredapitesting.tests.booking.tests.DeleteBookingTest" time="1.739"/>
  <testcase name="criarUmaReservaNova" classname="br.com.restassuredapitesting.tests.booking.tests.PostBookingTest" time="0.889"/>
</testsuite>